<?xml version="1.0" encoding="UTF-8"?>
<!-- Generated by org.testng.reporters.JUnitReportReporter -->
<testsuite hostname="LT-SACH" failures="0" tests="3" name="com.myTest.ParallelTest" time="25.349" errors="0" timestamp="2022-03-16T23:39:10 IST" skipped="0">
  <testcase classname="com.myTest.ParallelTest" name="parallelTestMethodThree" time="8.229"/>
  <system-out/>
  <testcase classname="com.myTest.ParallelTest" name="parallelTestMethodOne" time="8.531"/>
  <system-out/>
  <testcase classname="com.myTest.ParallelTest" name="parallelTestMethodTwo" time="8.589"/>
  <system-out/>
</testsuite> <!-- com.myTest.ParallelTest -->
