<?xml version="1.0" encoding="UTF-8"?>
<!-- Generated by org.testng.reporters.JUnitReportReporter -->
<testsuite hostname="LT-SACH" failures="0" tests="4" name="com.myTest.ParallelTest2" time="90.715" errors="0" timestamp="2022-03-17T12:49:59 IST" skipped="0">
  <testcase classname="com.myTest.ParallelTest2" name="parallelTestMethodTwo" time="21.873"/>
  <system-out/>
  <testcase classname="com.myTest.ParallelTest2" name="parallelTestMethodThree" time="24.901"/>
  <system-out/>
  <testcase classname="com.myTest.ParallelTest2" name="parallelTestMethodFour" time="24.977"/>
  <system-out/>
  <testcase classname="com.myTest.ParallelTest2" name="parallelTestMethodOne" time="18.964"/>
  <system-out/>
</testsuite> <!-- com.myTest.ParallelTest2 -->
